[debug] [2023-08-17T10:06:17.332Z] ----------------------------------------------------------------------
[debug] [2023-08-17T10:06:17.336Z] Command:       C:\Program Files\nodejs\node.exe C:\Users\Bharath.Singireddy\AppData\Roaming\npm\node_modules\firebase-tools\lib\bin\firebase.js login:ci --no-localhost --token 1//0gjaxi9uPyoRJCgYIARAAGBASNwF-L9Ir7lrVFdrw9OKA-IzTk80tTyzctafrHCqMeSHiNwIkPtUc8pTs1rKv2SK1XvcegJzmzu4
[debug] [2023-08-17T10:06:17.336Z] CLI Version:   12.4.8
[debug] [2023-08-17T10:06:17.336Z] Platform:      win32
[debug] [2023-08-17T10:06:17.337Z] Node Version:  v20.5.0
[debug] [2023-08-17T10:06:17.337Z] Time:          Thu Aug 17 2023 15:36:17 GMT+0530 (India Standard Time)
[debug] [2023-08-17T10:06:17.337Z] ----------------------------------------------------------------------
[debug] 
[warn] !  Authenticating with a `login:ci` token is deprecated and will be removed in a future major version of `firebase-tools`. Instead, use a service account key with `GOOGLE_APPLICATION_CREDENTIALS`: https://cloud.google.com/docs/authentication/getting-started 
[debug] [2023-08-17T10:06:17.467Z] >>> [apiv2][query] POST https://auth.firebase.tools/attest [none]
[debug] [2023-08-17T10:06:17.467Z] >>> [apiv2][body] POST https://auth.firebase.tools/attest {"session_id":"da05c00e-3368-4793-99d5-5b25cb6f961e"}
[debug] [2023-08-17T10:06:18.149Z] <<< [apiv2][status] POST https://auth.firebase.tools/attest 200
[debug] [2023-08-17T10:06:18.149Z] <<< [apiv2][body] POST https://auth.firebase.tools/attest {"token":"MRpkAWm4w5weFT-V3qGG1wMmfmW2RiOQzhs8jIZCLIQ"}
[info] 
[info] To sign in to the Firebase CLI:
[info] 
[info] 1. Take note of your session ID:
[info] 
[info]    DA05C
[info] 
[info] 2. Visit the URL below on any device and follow the instructions to get your code:
[info] 
[info]    https://auth.firebase.tools/login?code_challenge=NUSftQON7L0AZhfINgPZpj1XOn-CX5bWAAl4mcePKss&session=da05c00e-3368-4793-99d5-5b25cb6f961e&attest=MRpkAWm4w5weFT-V3qGG1wMmfmW2RiOQzhs8jIZCLIQ
[info] 
[info] 3. Paste or enter the authorization code below once you have it:
[info] 
